Determining if the pthread_create exist failed with the following output:
Change Dir: /home/wangzhongju/workspace/data_train/utils/exposure/build/CMakeFiles/CMakeTmp

Run Build Command:"/usr/bin/make" "cmTC_00b00/fast"
/usr/bin/make -f CMakeFiles/cmTC_00b00.dir/build.make CMakeFiles/cmTC_00b00.dir/build
make[1]: Entering directory '/home/wangzhongju/workspace/data_train/utils/exposure/build/CMakeFiles/CMakeTmp'
Building C object CMakeFiles/cmTC_00b00.dir/CheckSymbolExists.c.o
/usr/bin/cc   -fPIC    -o CMakeFiles/cmTC_00b00.dir/CheckSymbolExists.c.o   -c /home/wangzhongju/workspace/data_train/utils/exposure/build/CMakeFiles/CMakeTmp/CheckSymbolExists.c
Linking C executable cmTC_00b00
/usr/local/bin/cmake -E cmake_link_script CMakeFiles/cmTC_00b00.dir/link.txt --verbose=1
/usr/bin/cc -fPIC     -rdynamic CMakeFiles/cmTC_00b00.dir/CheckSymbolExists.c.o  -o cmTC_00b00 
CMakeFiles/cmTC_00b00.dir/CheckSymbolExists.c.o: In function `main':
CheckSymbolExists.c:(.text+0x1b): undefined reference to `pthread_create'
collect2: error: ld returned 1 exit status
CMakeFiles/cmTC_00b00.dir/build.make:86: recipe for target 'cmTC_00b00' failed
make[1]: *** [cmTC_00b00] Error 1
make[1]: Leaving directory '/home/wangzhongju/workspace/data_train/utils/exposure/build/CMakeFiles/CMakeTmp'
Makefile:121: recipe for target 'cmTC_00b00/fast' failed
make: *** [cmTC_00b00/fast] Error 2

File /home/wangzhongju/workspace/data_train/utils/exposure/build/CMakeFiles/CMakeTmp/CheckSymbolExists.c:
/* */
#include <pthread.h>

int main(int argc, char** argv)
{
  (void)argv;
#ifndef pthread_create
  return ((int*)(&pthread_create))[argc];
#else
  (void)argc;
  return 0;
#endif
}

Determining if the function pthread_create exists in the pthreads failed with the following output:
Change Dir: /home/wangzhongju/workspace/data_train/utils/exposure/build/CMakeFiles/CMakeTmp

Run Build Command:"/usr/bin/make" "cmTC_741a3/fast"
/usr/bin/make -f CMakeFiles/cmTC_741a3.dir/build.make CMakeFiles/cmTC_741a3.dir/build
make[1]: Entering directory '/home/wangzhongju/workspace/data_train/utils/exposure/build/CMakeFiles/CMakeTmp'
Building C object CMakeFiles/cmTC_741a3.dir/CheckFunctionExists.c.o
/usr/bin/cc   -fPIC -DCHECK_FUNCTION_EXISTS=pthread_create   -o CMakeFiles/cmTC_741a3.dir/CheckFunctionExists.c.o   -c /usr/local/share/cmake-3.12/Modules/CheckFunctionExists.c
Linking C executable cmTC_741a3
/usr/local/bin/cmake -E cmake_link_script CMakeFiles/cmTC_741a3.dir/link.txt --verbose=1
/usr/bin/cc -fPIC -DCHECK_FUNCTION_EXISTS=pthread_create    -rdynamic CMakeFiles/cmTC_741a3.dir/CheckFunctionExists.c.o  -o cmTC_741a3 -lpthreads 
/usr/bin/ld: cannot find -lpthreads
collect2: error: ld returned 1 exit status
CMakeFiles/cmTC_741a3.dir/build.make:86: recipe for target 'cmTC_741a3' failed
make[1]: *** [cmTC_741a3] Error 1
make[1]: Leaving directory '/home/wangzhongju/workspace/data_train/utils/exposure/build/CMakeFiles/CMakeTmp'
Makefile:121: recipe for target 'cmTC_741a3/fast' failed
make: *** [cmTC_741a3/fast] Error 2


